  [1m[35m (63.8ms)[0m  [1m[35mDROP DATABASE IF EXISTS `chat-space_development`[0m
  [1m[35m (35.6ms)[0m  [1m[35mDROP DATABASE IF EXISTS `chat-space_test`[0m
Started GET "/" for ::1 at 2020-06-18 17:19:51 +0900
  
ActiveRecord::PendingMigrationError (

Migrations are pending. To resolve this issue, run:

        bin/rails db:migrate RAILS_ENV=development

):
  
activerecord (5.0.7.2) lib/active_record/migration.rb:573:in `check_pending!'
activerecord (5.0.7.2) lib/active_record/migration.rb:549:in `call'
actionpack (5.0.7.2) lib/action_dispatch/middleware/callbacks.rb:38:in `block in call'
activesupport (5.0.7.2) lib/active_support/callbacks.rb:97:in `__run_callbacks__'
activesupport (5.0.7.2) lib/active_support/callbacks.rb:750:in `_run_call_callbacks'
activesupport (5.0.7.2) lib/active_support/callbacks.rb:90:in `run_callbacks'
actionpack (5.0.7.2) lib/action_dispatch/middleware/callbacks.rb:36:in `call'
actionpack (5.0.7.2) lib/action_dispatch/middleware/executor.rb:12:in `call'
actionpack (5.0.7.2) lib/action_dispatch/middleware/remote_ip.rb:79:in `call'
actionpack (5.0.7.2) lib/action_dispatch/middleware/debug_exceptions.rb:49:in `call'
web-console (3.7.0) lib/web_console/middleware.rb:135:in `call_app'
web-console (3.7.0) lib/web_console/middleware.rb:30:in `block in call'
web-console (3.7.0) lib/web_console/middleware.rb:20:in `catch'
web-console (3.7.0) lib/web_console/middleware.rb:20:in `call'
actionpack (5.0.7.2) lib/action_dispatch/middleware/show_exceptions.rb:31:in `call'
railties (5.0.7.2) lib/rails/rack/logger.rb:36:in `call_app'
railties (5.0.7.2) lib/rails/rack/logger.rb:24:in `block in call'
activesupport (5.0.7.2) lib/active_support/tagged_logging.rb:69:in `block in tagged'
activesupport (5.0.7.2) lib/active_support/tagged_logging.rb:26:in `tagged'
activesupport (5.0.7.2) lib/active_support/tagged_logging.rb:69:in `tagged'
railties (5.0.7.2) lib/rails/rack/logger.rb:24:in `call'
sprockets-rails (3.2.1) lib/sprockets/rails/quiet_assets.rb:13:in `call'
actionpack (5.0.7.2) lib/action_dispatch/middleware/request_id.rb:24:in `call'
rack (2.2.2) lib/rack/method_override.rb:24:in `call'
rack (2.2.2) lib/rack/runtime.rb:22:in `call'
activesupport (5.0.7.2) lib/active_support/cache/strategy/local_cache_middleware.rb:28:in `call'
actionpack (5.0.7.2) lib/action_dispatch/middleware/executor.rb:12:in `call'
actionpack (5.0.7.2) lib/action_dispatch/middleware/static.rb:136:in `call'
rack (2.2.2) lib/rack/sendfile.rb:110:in `call'
railties (5.0.7.2) lib/rails/engine.rb:522:in `call'
puma (3.12.6) lib/puma/configuration.rb:227:in `call'
puma (3.12.6) lib/puma/server.rb:706:in `handle_request'
puma (3.12.6) lib/puma/server.rb:476:in `process_client'
puma (3.12.6) lib/puma/server.rb:334:in `block in run'
puma (3.12.6) lib/puma/thread_pool.rb:135:in `block in spawn_thread'
  Rendering /Users/narusekumi/.rbenv/versions/2.5.1/lib/ruby/gems/2.5.0/gems/actionpack-5.0.7.2/lib/action_dispatch/middleware/templates/rescues/diagnostics.html.erb within rescues/layout
  Rendering /Users/narusekumi/.rbenv/versions/2.5.1/lib/ruby/gems/2.5.0/gems/actionpack-5.0.7.2/lib/action_dispatch/middleware/templates/rescues/_source.html.erb
  Rendered /Users/narusekumi/.rbenv/versions/2.5.1/lib/ruby/gems/2.5.0/gems/actionpack-5.0.7.2/lib/action_dispatch/middleware/templates/rescues/_source.html.erb (8.9ms)
  Rendering /Users/narusekumi/.rbenv/versions/2.5.1/lib/ruby/gems/2.5.0/gems/actionpack-5.0.7.2/lib/action_dispatch/middleware/templates/rescues/_trace.html.erb
  Rendered /Users/narusekumi/.rbenv/versions/2.5.1/lib/ruby/gems/2.5.0/gems/actionpack-5.0.7.2/lib/action_dispatch/middleware/templates/rescues/_trace.html.erb (6.8ms)
  Rendering /Users/narusekumi/.rbenv/versions/2.5.1/lib/ruby/gems/2.5.0/gems/actionpack-5.0.7.2/lib/action_dispatch/middleware/templates/rescues/_request_and_response.html.erb
  Rendered /Users/narusekumi/.rbenv/versions/2.5.1/lib/ruby/gems/2.5.0/gems/actionpack-5.0.7.2/lib/action_dispatch/middleware/templates/rescues/_request_and_response.html.erb (5.1ms)
  Rendered /Users/narusekumi/.rbenv/versions/2.5.1/lib/ruby/gems/2.5.0/gems/actionpack-5.0.7.2/lib/action_dispatch/middleware/templates/rescues/diagnostics.html.erb within rescues/layout (578.7ms)
  [1m[35m (178.9ms)[0m  [1m[35mCREATE TABLE `schema_migrations` (`version` varchar(255) PRIMARY KEY) ENGINE=InnoDB[0m
  [1m[35m (50.8ms)[0m  [1m[35mCREATE TABLE `ar_internal_metadata` (`key` varchar(255) PRIMARY KEY, `value` varchar(255), `created_at` datetime NOT NULL, `updated_at` datetime NOT NULL) ENGINE=InnoDB[0m
  [1m[35m (0.3ms)[0m  [1m[34mSELECT DATABASE() as db[0m
  [1m[35m (31.4ms)[0m  [1m[34mSELECT GET_LOCK('8445024276154775190', 0);[0m
  [1m[36mActiveRecord::SchemaMigration Load (2.9ms)[0m  [1m[34mSELECT `schema_migrations`.* FROM `schema_migrations`[0m
Migrating to DeviseCreateUsers (20200618070116)
  [1m[35m (64.8ms)[0m  [1m[35mCREATE TABLE `users` (`id` int AUTO_INCREMENT PRIMARY KEY, `name` varchar(255) NOT NULL, `email` varchar(255) DEFAULT '' NOT NULL, `encrypted_password` varchar(255) DEFAULT '' NOT NULL, `reset_password_token` varchar(255), `reset_password_sent_at` datetime, `remember_created_at` datetime, `created_at` datetime NOT NULL, `updated_at` datetime NOT NULL) ENGINE=InnoDB[0m
  [1m[35m (68.1ms)[0m  [1m[35mCREATE UNIQUE INDEX `index_users_on_name`  ON `users` (`name`) [0m
  [1m[35m (87.9ms)[0m  [1m[35mCREATE UNIQUE INDEX `index_users_on_email`  ON `users` (`email`) [0m
  [1m[35m (59.0ms)[0m  [1m[35mCREATE UNIQUE INDEX `index_users_on_reset_password_token`  ON `users` (`reset_password_token`) [0m
  [1m[35m (2.7ms)[0m  [1m[35mBEGIN[0m
  [1m[35mSQL (7.8ms)[0m  [1m[32mINSERT INTO `schema_migrations` (`version`) VALUES ('20200618070116')[0m
  [1m[35m (0.6ms)[0m  [1m[35mCOMMIT[0m
  [1m[36mActiveRecord::InternalMetadata Load (3.6ms)[0m  [1m[34mSELECT  `ar_internal_metadata`.* FROM `ar_internal_metadata` WHERE `ar_internal_metadata`.`key` = 'environment' LIMIT 1[0m
  [1m[35m (0.6ms)[0m  [1m[35mBEGIN[0m
  [1m[35mSQL (14.7ms)[0m  [1m[32mINSERT INTO `ar_internal_metadata` (`key`, `value`, `created_at`, `updated_at`) VALUES ('environment', 'development', '2020-06-18 08:23:13', '2020-06-18 08:23:13')[0m
  [1m[35m (3.5ms)[0m  [1m[35mCOMMIT[0m
  [1m[35m (0.3ms)[0m  [1m[34mSELECT RELEASE_LOCK('8445024276154775190')[0m
  [1m[36mActiveRecord::SchemaMigration Load (0.4ms)[0m  [1m[34mSELECT `schema_migrations`.* FROM `schema_migrations`[0m
  [1m[35m (0.3ms)[0m  [1m[35mSHOW CREATE TABLE `users`[0m
  [1m[35m (9.6ms)[0m  [1m[35mSHOW TABLE STATUS LIKE 'users'[0m
  [1m[35m (0.3ms)[0m  [1m[34mSELECT `schema_migrations`.`version` FROM `schema_migrations`[0m
Started GET "/" for ::1 at 2020-06-18 17:24:17 +0900
  [1m[36mActiveRecord::SchemaMigration Load (0.3ms)[0m  [1m[34mSELECT `schema_migrations`.* FROM `schema_migrations`[0m
Processing by MessagesController#index as HTML
Completed 401 Unauthorized in 71ms (ActiveRecord: 0.0ms)


Started GET "/users/sign_in" for ::1 at 2020-06-18 17:24:17 +0900
Processing by Devise::SessionsController#new as HTML
  Rendering devise/sessions/new.html.haml within layouts/application
  Rendered devise/shared/_links.html.haml (15.1ms)
  Rendered devise/sessions/new.html.haml within layouts/application (231.5ms)
Completed 200 OK in 16330ms (Views: 16180.0ms | ActiveRecord: 92.0ms)


Started POST "/users/sign_in" for ::1 at 2020-06-18 17:25:57 +0900
Processing by Devise::SessionsController#create as HTML
  Parameters: {"utf8"=>"âœ“", "authenticity_token"=>"rtRx3I2NHWoiUfzbofqc7CC9OWdoWWP58XAjsl3kJww2nBV9PEoDckzpcTYQqRwv9hRetWIgE41vhCSG50lrMQ==", "user"=>{"email"=>"eternelbeaute2010@gmail.com", "password"=>"[FILTERED]"}, "commit"=>"Log in"}
  [1m[36mUser Load (8.5ms)[0m  [1m[34mSELECT  `users`.* FROM `users` WHERE `users`.`email` = 'eternelbeaute2010@gmail.com' ORDER BY `users`.`id` ASC LIMIT 1[0m
Completed 401 Unauthorized in 19ms (ActiveRecord: 8.5ms)


Processing by Devise::SessionsController#new as HTML
  Parameters: {"utf8"=>"âœ“", "authenticity_token"=>"rtRx3I2NHWoiUfzbofqc7CC9OWdoWWP58XAjsl3kJww2nBV9PEoDckzpcTYQqRwv9hRetWIgE41vhCSG50lrMQ==", "user"=>{"email"=>"eternelbeaute2010@gmail.com", "password"=>"[FILTERED]"}, "commit"=>"Log in"}
  Rendering devise/sessions/new.html.haml within layouts/application
  Rendered devise/shared/_links.html.haml (13.4ms)
  Rendered devise/sessions/new.html.haml within layouts/application (88.7ms)
Completed 200 OK in 1286ms (Views: 309.7ms | ActiveRecord: 0.0ms)


Started GET "/users/sign_up" for ::1 at 2020-06-18 17:26:08 +0900
Processing by Devise::RegistrationsController#new as HTML
  Rendering devise/registrations/new.html.haml within layouts/application
  Rendered devise/shared/_links.html.haml (29.2ms)
DEPRECATION WARNING: [Devise] `DeviseHelper.devise_error_messages!`
is deprecated and it will be removed in the next major version.
To customize the errors styles please run `rails g devise:views` and modify the
`devise/shared/error_messages` partial.
 (called from block in _app_views_devise_registrations_new_html_haml__410954905437464529_70276487451000 at /Users/narusekumi/projects/chat-space/app/views/devise/registrations/new.html.haml:9)
  Rendered devise/registrations/new.html.haml within layouts/application (321.1ms)
Completed 200 OK in 1449ms (Views: 1160.4ms | ActiveRecord: 0.0ms)


Started POST "/users" for ::1 at 2020-06-18 17:26:28 +0900
Processing by Devise::RegistrationsController#create as HTML
  Parameters: {"utf8"=>"âœ“", "authenticity_token"=>"mdSBektteBabjnKn10dmofHhUmi/j1i0i0HsLGcITnkcFQcb/IsH5aT6crol9yEkcq2cwwSMrDasoAhOaVDiWg==", "user"=>{"name"=>"kumi naruse", "email"=>"eternelbeaute2010@gmail.com", "password"=>"[FILTERED]", "password_confirmation"=>"[FILTERED]"}, "commit"=>"Create Account"}
  [1m[35m (0.6ms)[0m  [1m[35mBEGIN[0m
  [1m[36mUser Exists (10.5ms)[0m  [1m[34mSELECT  1 AS one FROM `users` WHERE `users`.`email` = BINARY 'eternelbeaute2010@gmail.com' LIMIT 1[0m
  [1m[36mUser Exists (1.3ms)[0m  [1m[34mSELECT  1 AS one FROM `users` WHERE `users`.`name` = BINARY 'kumi naruse' LIMIT 1[0m
  [1m[35mSQL (5.1ms)[0m  [1m[32mINSERT INTO `users` (`name`, `email`, `encrypted_password`, `created_at`, `updated_at`) VALUES ('kumi naruse', 'eternelbeaute2010@gmail.com', '$2a$12$x9NR1vbPA13Y5vsByaBl0.sHWb0nClpsyLz8cboNQImAZYfDFGw.a', '2020-06-18 08:26:30', '2020-06-18 08:26:30')[0m
  [1m[35m (4.8ms)[0m  [1m[35mCOMMIT[0m
Redirected to http://localhost:3000/
Completed 302 Found in 1643ms (ActiveRecord: 22.4ms)


Started GET "/" for ::1 at 2020-06-18 17:26:30 +0900
Processing by MessagesController#index as HTML
  [1m[36mUser Load (0.7ms)[0m  [1m[34mSELECT  `users`.* FROM `users` WHERE `users`.`id` = 1 ORDER BY `users`.`id` ASC LIMIT 1[0m
  Rendering messages/index.html.haml within layouts/application
  Rendered messages/index.html.haml within layouts/application (57.3ms)
Completed 500 Internal Server Error in 231ms (ActiveRecord: 0.7ms)


  
ActionView::Template::Error (Missing partial shared/_side_bar with {:locale=>[:en], :formats=>[:html], :variants=>[], :handlers=>[:raw, :erb, :html, :builder, :ruby, :coffee, :jbuilder, :haml]}. Searched in:
  * "/Users/narusekumi/projects/chat-space/app/views"
  * "/Users/narusekumi/.rbenv/versions/2.5.1/lib/ruby/gems/2.5.0/gems/devise-4.7.2/app/views"
):
    1: .wrapper
    2: 
    3:   = render 'shared/side_bar'
    4: 
    5:   .chat
    6:     .header
  
app/views/messages/index.html.haml:3:in `_app_views_messages_index_html_haml__2223766459913736473_70276490972960'
  Rendering /Users/narusekumi/.rbenv/versions/2.5.1/lib/ruby/gems/2.5.0/gems/actionpack-5.0.7.2/lib/action_dispatch/middleware/templates/rescues/template_error.html.erb within rescues/layout
  Rendering /Users/narusekumi/.rbenv/versions/2.5.1/lib/ruby/gems/2.5.0/gems/actionpack-5.0.7.2/lib/action_dispatch/middleware/templates/rescues/_source.html.erb
  Rendered /Users/narusekumi/.rbenv/versions/2.5.1/lib/ruby/gems/2.5.0/gems/actionpack-5.0.7.2/lib/action_dispatch/middleware/templates/rescues/_source.html.erb (15.5ms)
  Rendering /Users/narusekumi/.rbenv/versions/2.5.1/lib/ruby/gems/2.5.0/gems/actionpack-5.0.7.2/lib/action_dispatch/middleware/templates/rescues/_trace.html.erb
  Rendered /Users/narusekumi/.rbenv/versions/2.5.1/lib/ruby/gems/2.5.0/gems/actionpack-5.0.7.2/lib/action_dispatch/middleware/templates/rescues/_trace.html.erb (8.2ms)
  Rendering /Users/narusekumi/.rbenv/versions/2.5.1/lib/ruby/gems/2.5.0/gems/actionpack-5.0.7.2/lib/action_dispatch/middleware/templates/rescues/_request_and_response.html.erb
  Rendered /Users/narusekumi/.rbenv/versions/2.5.1/lib/ruby/gems/2.5.0/gems/actionpack-5.0.7.2/lib/action_dispatch/middleware/templates/rescues/_request_and_response.html.erb (4.0ms)
  Rendered /Users/narusekumi/.rbenv/versions/2.5.1/lib/ruby/gems/2.5.0/gems/actionpack-5.0.7.2/lib/action_dispatch/middleware/templates/rescues/template_error.html.erb within rescues/layout (619.2ms)
Started GET "/users/sign_up" for ::1 at 2020-06-18 17:31:05 +0900
Processing by Devise::RegistrationsController#new as HTML
  [1m[36mUser Load (19.4ms)[0m  [1m[34mSELECT  `users`.* FROM `users` WHERE `users`.`id` = 1 ORDER BY `users`.`id` ASC LIMIT 1[0m
Redirected to http://localhost:3000/
Filter chain halted as :require_no_authentication rendered or redirected
Completed 302 Found in 151ms (ActiveRecord: 19.4ms)


Started GET "/" for ::1 at 2020-06-18 17:31:06 +0900
Processing by MessagesController#index as HTML
  [1m[36mUser Load (1.8ms)[0m  [1m[34mSELECT  `users`.* FROM `users` WHERE `users`.`id` = 1 ORDER BY `users`.`id` ASC LIMIT 1[0m
  Rendering messages/index.html.haml within layouts/application
  Rendered messages/_side_bar.html.haml (74.4ms)
  Rendered messages/_main_chat.html.haml (12.1ms)
  Rendered messages/index.html.haml within layouts/application (155.3ms)
Completed 500 Internal Server Error in 242ms (ActiveRecord: 1.8ms)


  
ActionView::Template::Error (Inconsistent indentation: 6 spaces used for indentation, but the rest of the document was indented using 4 spaces.):
    1: .chat
    2:     .header
    3:       .left-header
    4:         .left-header__title
    5:           ã‚°ãƒ«ãƒ¼ãƒ—å
    6:         %ul.left-header__members
  
app/views/messages/_main_chat.html.haml:3
app/views/messages/index.html.haml:3:in `_app_views_messages_index_html_haml__2223766459913736473_70276477102420'
  Rendering /Users/narusekumi/.rbenv/versions/2.5.1/lib/ruby/gems/2.5.0/gems/actionpack-5.0.7.2/lib/action_dispatch/middleware/templates/rescues/template_error.html.erb within rescues/layout
  Rendering /Users/narusekumi/.rbenv/versions/2.5.1/lib/ruby/gems/2.5.0/gems/actionpack-5.0.7.2/lib/action_dispatch/middleware/templates/rescues/_source.html.erb
  Rendered /Users/narusekumi/.rbenv/versions/2.5.1/lib/ruby/gems/2.5.0/gems/actionpack-5.0.7.2/lib/action_dispatch/middleware/templates/rescues/_source.html.erb (15.1ms)
  Rendering /Users/narusekumi/.rbenv/versions/2.5.1/lib/ruby/gems/2.5.0/gems/actionpack-5.0.7.2/lib/action_dispatch/middleware/templates/rescues/_trace.html.erb
  Rendered /Users/narusekumi/.rbenv/versions/2.5.1/lib/ruby/gems/2.5.0/gems/actionpack-5.0.7.2/lib/action_dispatch/middleware/templates/rescues/_trace.html.erb (48.8ms)
  Rendering /Users/narusekumi/.rbenv/versions/2.5.1/lib/ruby/gems/2.5.0/gems/actionpack-5.0.7.2/lib/action_dispatch/middleware/templates/rescues/_request_and_response.html.erb
  Rendered /Users/narusekumi/.rbenv/versions/2.5.1/lib/ruby/gems/2.5.0/gems/actionpack-5.0.7.2/lib/action_dispatch/middleware/templates/rescues/_request_and_response.html.erb (5.8ms)
  Rendered /Users/narusekumi/.rbenv/versions/2.5.1/lib/ruby/gems/2.5.0/gems/actionpack-5.0.7.2/lib/action_dispatch/middleware/templates/rescues/template_error.html.erb within rescues/layout (532.8ms)
Started GET "/users/sign_in" for ::1 at 2020-06-18 17:31:12 +0900
Processing by Devise::SessionsController#new as HTML
  [1m[36mUser Load (0.6ms)[0m  [1m[34mSELECT  `users`.* FROM `users` WHERE `users`.`id` = 1 ORDER BY `users`.`id` ASC LIMIT 1[0m
Redirected to http://localhost:3000/
Filter chain halted as :require_no_authentication rendered or redirected
Completed 302 Found in 4ms (ActiveRecord: 0.6ms)


Started GET "/" for ::1 at 2020-06-18 17:31:16 +0900
Processing by MessagesController#index as HTML
  [1m[36mUser Load (6.3ms)[0m  [1m[34mSELECT  `users`.* FROM `users` WHERE `users`.`id` = 1 ORDER BY `users`.`id` ASC LIMIT 1[0m
  Rendering messages/index.html.haml within layouts/application
  Rendered messages/_side_bar.html.haml (31.1ms)
  Rendered messages/_main_chat.html.haml (15.8ms)
  Rendered messages/index.html.haml within layouts/application (61.9ms)
Completed 500 Internal Server Error in 102ms (ActiveRecord: 6.3ms)


  
ActionView::Template::Error (Inconsistent indentation: 6 spaces used for indentation, but the rest of the document was indented using 4 spaces.):
    1: .chat
    2:     .header
    3:       .left-header
    4:         .left-header__title
    5:           ã‚°ãƒ«ãƒ¼ãƒ—å
    6:         %ul.left-header__members
  
app/views/messages/_main_chat.html.haml:3
app/views/messages/index.html.haml:3:in `_app_views_messages_index_html_haml__2223766459913736473_70276474571260'
  Rendering /Users/narusekumi/.rbenv/versions/2.5.1/lib/ruby/gems/2.5.0/gems/actionpack-5.0.7.2/lib/action_dispatch/middleware/templates/rescues/template_error.html.erb within rescues/layout
  Rendering /Users/narusekumi/.rbenv/versions/2.5.1/lib/ruby/gems/2.5.0/gems/actionpack-5.0.7.2/lib/action_dispatch/middleware/templates/rescues/_source.html.erb
  Rendered /Users/narusekumi/.rbenv/versions/2.5.1/lib/ruby/gems/2.5.0/gems/actionpack-5.0.7.2/lib/action_dispatch/middleware/templates/rescues/_source.html.erb (16.0ms)
  Rendering /Users/narusekumi/.rbenv/versions/2.5.1/lib/ruby/gems/2.5.0/gems/actionpack-5.0.7.2/lib/action_dispatch/middleware/templates/rescues/_trace.html.erb
  Rendered /Users/narusekumi/.rbenv/versions/2.5.1/lib/ruby/gems/2.5.0/gems/actionpack-5.0.7.2/lib/action_dispatch/middleware/templates/rescues/_trace.html.erb (4.8ms)
  Rendering /Users/narusekumi/.rbenv/versions/2.5.1/lib/ruby/gems/2.5.0/gems/actionpack-5.0.7.2/lib/action_dispatch/middleware/templates/rescues/_request_and_response.html.erb
  Rendered /Users/narusekumi/.rbenv/versions/2.5.1/lib/ruby/gems/2.5.0/gems/actionpack-5.0.7.2/lib/action_dispatch/middleware/templates/rescues/_request_and_response.html.erb (1.0ms)
  Rendered /Users/narusekumi/.rbenv/versions/2.5.1/lib/ruby/gems/2.5.0/gems/actionpack-5.0.7.2/lib/action_dispatch/middleware/templates/rescues/template_error.html.erb within rescues/layout (487.7ms)
Started GET "/" for ::1 at 2020-06-18 17:34:58 +0900
Processing by MessagesController#index as HTML
  [1m[36mUser Load (3.3ms)[0m  [1m[34mSELECT  `users`.* FROM `users` WHERE `users`.`id` = 1 ORDER BY `users`.`id` ASC LIMIT 1[0m
  Rendering messages/index.html.haml within layouts/application
  Rendered messages/_side_bar.html.haml (150.7ms)
  Rendered messages/_main_chat.html.haml (83.8ms)
  Rendered messages/index.html.haml within layouts/application (449.3ms)
Completed 200 OK in 1467ms (Views: 1372.4ms | ActiveRecord: 3.3ms)


Started GET "/users/sign_up" for ::1 at 2020-06-18 18:58:06 +0900
Processing by Devise::RegistrationsController#new as HTML
  [1m[36mUser Load (95.2ms)[0m  [1m[34mSELECT  `users`.* FROM `users` WHERE `users`.`id` = 1 ORDER BY `users`.`id` ASC LIMIT 1[0m
Redirected to http://localhost:3000/
Filter chain halted as :require_no_authentication rendered or redirected
Completed 302 Found in 176ms (ActiveRecord: 95.2ms)


Started GET "/" for ::1 at 2020-06-18 18:58:06 +0900
Processing by MessagesController#index as HTML
  [1m[36mUser Load (32.8ms)[0m  [1m[34mSELECT  `users`.* FROM `users` WHERE `users`.`id` = 1 ORDER BY `users`.`id` ASC LIMIT 1[0m
  Rendering messages/index.html.haml within layouts/application
  Rendered messages/_side_bar.html.haml (63.7ms)
  Rendered messages/_main_chat.html.haml (51.2ms)
  Rendered messages/index.html.haml within layouts/application (176.8ms)
Completed 200 OK in 493ms (Views: 436.8ms | ActiveRecord: 32.8ms)


Started GET "/" for ::1 at 2020-06-18 19:05:24 +0900
Processing by MessagesController#index as HTML
  [1m[36mUser Load (2.8ms)[0m  [1m[34mSELECT  `users`.* FROM `users` WHERE `users`.`id` = 1 ORDER BY `users`.`id` ASC LIMIT 1[0m
  Rendering messages/index.html.haml within layouts/application
  Rendered messages/_side_bar.html.haml (33.9ms)
Started GET "/" for ::1 at 2020-06-18 19:06:21 +0900
Processing by MessagesController#index as HTML
  [1m[36mUser Load (1.6ms)[0m  [1m[34mSELECT  `users`.* FROM `users` WHERE `users`.`id` = 1 ORDER BY `users`.`id` ASC LIMIT 1[0m
  Rendered messages/_main_chat.html.haml (52.2ms)
  Rendered messages/index.html.haml within layouts/application (24180.2ms)
  Rendering messages/index.html.haml within layouts/application
  Rendered messages/_side_bar.html.haml (63.1ms)
  Rendered messages/_main_chat.html.haml (35.3ms)
  Rendered messages/index.html.haml within layouts/application (153.5ms)
Completed 200 OK in 64464ms (Views: 52397.7ms | ActiveRecord: 2.8ms)


Completed 200 OK in 8273ms (Views: 342.9ms | ActiveRecord: 1.6ms)


Started GET "/users/sign_up" for ::1 at 2020-06-18 19:12:37 +0900
Processing by Devise::RegistrationsController#new as HTML
  [1m[36mUser Load (47.2ms)[0m  [1m[34mSELECT  `users`.* FROM `users` WHERE `users`.`id` = 1 ORDER BY `users`.`id` ASC LIMIT 1[0m
Redirected to http://localhost:3000/
Filter chain halted as :require_no_authentication rendered or redirected
Completed 302 Found in 95ms (ActiveRecord: 47.2ms)


Started GET "/" for ::1 at 2020-06-18 19:12:38 +0900
Processing by MessagesController#index as HTML
  [1m[36mUser Load (0.5ms)[0m  [1m[34mSELECT  `users`.* FROM `users` WHERE `users`.`id` = 1 ORDER BY `users`.`id` ASC LIMIT 1[0m
  Rendering messages/index.html.haml within layouts/application
  Rendered messages/_side_bar.html.haml (28.1ms)
  Rendered messages/_main_chat.html.haml (44.1ms)
  Rendered messages/index.html.haml within layouts/application (108.3ms)
Completed 200 OK in 265ms (Views: 253.4ms | ActiveRecord: 0.5ms)


Started GET "/users/1/edit" for ::1 at 2020-06-18 19:12:49 +0900
Processing by UsersController#edit as HTML
  Parameters: {"id"=>"1"}
  [1m[36mUser Load (0.5ms)[0m  [1m[34mSELECT  `users`.* FROM `users` WHERE `users`.`id` = 1 ORDER BY `users`.`id` ASC LIMIT 1[0m
  Rendering users/edit.html.haml within layouts/application
  Rendered users/edit.html.haml within layouts/application (43.3ms)
Completed 200 OK in 151ms (Views: 142.4ms | ActiveRecord: 0.5ms)


Started PATCH "/users/1" for ::1 at 2020-06-18 19:12:53 +0900
Processing by UsersController#update as HTML
  Parameters: {"utf8"=>"âœ“", "authenticity_token"=>"bdZJhskU273UBXb6+goRiTjtB03nTDORuoxwMzelqdPEVSc8snm2LNbox/rIH7lBRzY5YinLTnZ1sbpnsMt2IQ==", "user"=>{"name"=>"kumi naruse", "email"=>"eternelbeaute2010@gmail.com"}, "commit"=>"Update", "id"=>"1"}
  [1m[36mUser Load (0.5ms)[0m  [1m[34mSELECT  `users`.* FROM `users` WHERE `users`.`id` = 1 ORDER BY `users`.`id` ASC LIMIT 1[0m
  [1m[35m (148.9ms)[0m  [1m[35mBEGIN[0m
  [1m[36mUser Exists (49.2ms)[0m  [1m[34mSELECT  1 AS one FROM `users` WHERE `users`.`name` = BINARY 'kumi naruse' AND (`users`.`id` != 1) LIMIT 1[0m
  [1m[35m (41.8ms)[0m  [1m[35mCOMMIT[0m
Redirected to http://localhost:3000/
Completed 302 Found in 266ms (ActiveRecord: 240.4ms)


Started GET "/" for ::1 at 2020-06-18 19:12:53 +0900
Processing by MessagesController#index as HTML
  [1m[36mUser Load (1.2ms)[0m  [1m[34mSELECT  `users`.* FROM `users` WHERE `users`.`id` = 1 ORDER BY `users`.`id` ASC LIMIT 1[0m
  Rendering messages/index.html.haml within layouts/application
  Rendered messages/_side_bar.html.haml (10.8ms)
  Rendered messages/_main_chat.html.haml (18.3ms)
  Rendered messages/index.html.haml within layouts/application (38.9ms)
Completed 200 OK in 102ms (Views: 94.8ms | ActiveRecord: 1.2ms)


Started GET "/" for ::1 at 2020-06-18 19:14:06 +0900
Processing by MessagesController#index as HTML
  [1m[36mUser Load (1.6ms)[0m  [1m[34mSELECT  `users`.* FROM `users` WHERE `users`.`id` = 1 ORDER BY `users`.`id` ASC LIMIT 1[0m
  Rendering messages/index.html.haml within layouts/application
  Rendered messages/_side_bar.html.haml (21.5ms)
  Rendered messages/_main_chat.html.haml (32.6ms)
  Rendered messages/index.html.haml within layouts/application (84.7ms)
Completed 200 OK in 2186ms (Views: 2147.0ms | ActiveRecord: 1.6ms)


Started GET "/" for ::1 at 2020-06-18 19:15:06 +0900
Processing by MessagesController#index as HTML
  [1m[36mUser Load (0.4ms)[0m  [1m[34mSELECT  `users`.* FROM `users` WHERE `users`.`id` = 1 ORDER BY `users`.`id` ASC LIMIT 1[0m
  Rendering messages/index.html.haml within layouts/application
  Rendered messages/_side_bar.html.haml (18.6ms)
  Rendered messages/_main_chat.html.haml (23.4ms)
  Rendered messages/index.html.haml within layouts/application (61.7ms)
Completed 200 OK in 1536ms (Views: 1529.8ms | ActiveRecord: 0.4ms)


Started GET "/" for ::1 at 2020-06-18 19:43:50 +0900
Processing by MessagesController#index as HTML
  [1m[36mUser Load (89.3ms)[0m  [1m[34mSELECT  `users`.* FROM `users` WHERE `users`.`id` = 1 ORDER BY `users`.`id` ASC LIMIT 1[0m
  Rendering messages/index.html.haml within layouts/application
  Rendered messages/_side_bar.html.haml (80.5ms)
  Rendered messages/_main_chat.html.haml (13.0ms)
  Rendered messages/index.html.haml within layouts/application (230.2ms)
Completed 500 Internal Server Error in 546ms (ActiveRecord: 89.3ms)


  
ActionView::Template::Error (The line was indented 2 levels deeper than the previous line.):
     6:       %ul.left-header__members
     7:         Memberï¼š
     8:         %li.member
     9:             ãƒ¡ãƒ³ãƒãƒ¼å
    10:         %li.member
    11:             ãƒ¡ãƒ³ãƒãƒ¼å
    12:         %li.member
  
app/views/messages/_main_chat.html.haml:9
app/views/messages/index.html.haml:3:in `_app_views_messages_index_html_haml__2223766459913736473_70276477707040'
  Rendering /Users/narusekumi/.rbenv/versions/2.5.1/lib/ruby/gems/2.5.0/gems/actionpack-5.0.7.2/lib/action_dispatch/middleware/templates/rescues/template_error.html.erb within rescues/layout
  Rendering /Users/narusekumi/.rbenv/versions/2.5.1/lib/ruby/gems/2.5.0/gems/actionpack-5.0.7.2/lib/action_dispatch/middleware/templates/rescues/_source.html.erb
  Rendered /Users/narusekumi/.rbenv/versions/2.5.1/lib/ruby/gems/2.5.0/gems/actionpack-5.0.7.2/lib/action_dispatch/middleware/templates/rescues/_source.html.erb (16.2ms)
  Rendering /Users/narusekumi/.rbenv/versions/2.5.1/lib/ruby/gems/2.5.0/gems/actionpack-5.0.7.2/lib/action_dispatch/middleware/templates/rescues/_trace.html.erb
  Rendered /Users/narusekumi/.rbenv/versions/2.5.1/lib/ruby/gems/2.5.0/gems/actionpack-5.0.7.2/lib/action_dispatch/middleware/templates/rescues/_trace.html.erb (14.2ms)
  Rendering /Users/narusekumi/.rbenv/versions/2.5.1/lib/ruby/gems/2.5.0/gems/actionpack-5.0.7.2/lib/action_dispatch/middleware/templates/rescues/_request_and_response.html.erb
  Rendered /Users/narusekumi/.rbenv/versions/2.5.1/lib/ruby/gems/2.5.0/gems/actionpack-5.0.7.2/lib/action_dispatch/middleware/templates/rescues/_request_and_response.html.erb (3.2ms)
  Rendered /Users/narusekumi/.rbenv/versions/2.5.1/lib/ruby/gems/2.5.0/gems/actionpack-5.0.7.2/lib/action_dispatch/middleware/templates/rescues/template_error.html.erb within rescues/layout (670.3ms)
Started GET "/" for ::1 at 2020-06-18 19:45:47 +0900
Processing by MessagesController#index as HTML
  [1m[36mUser Load (43.0ms)[0m  [1m[34mSELECT  `users`.* FROM `users` WHERE `users`.`id` = 1 ORDER BY `users`.`id` ASC LIMIT 1[0m
  Rendering messages/index.html.haml within layouts/application
  Rendered messages/_side_bar.html.haml (72.3ms)
  Rendered messages/_main_chat.html.haml (282.8ms)
  Rendered messages/index.html.haml within layouts/application (456.1ms)
Completed 200 OK in 1181ms (Views: 878.1ms | ActiveRecord: 43.0ms)


Started GET "/" for ::1 at 2020-06-18 19:47:22 +0900
Processing by MessagesController#index as HTML
  [1m[36mUser Load (0.7ms)[0m  [1m[34mSELECT  `users`.* FROM `users` WHERE `users`.`id` = 1 ORDER BY `users`.`id` ASC LIMIT 1[0m
  Rendering messages/index.html.haml within layouts/application
  Rendered messages/_side_bar.html.haml (15.9ms)
  Rendered messages/_main_chat.html.haml (98.6ms)
  Rendered messages/index.html.haml within layouts/application (156.8ms)
Completed 200 OK in 482ms (Views: 470.2ms | ActiveRecord: 0.7ms)


Started GET "/" for ::1 at 2020-06-18 19:51:28 +0900
Processing by MessagesController#index as HTML
  [1m[36mUser Load (3.0ms)[0m  [1m[34mSELECT  `users`.* FROM `users` WHERE `users`.`id` = 1 ORDER BY `users`.`id` ASC LIMIT 1[0m
  Rendering messages/index.html.haml within layouts/application
  Rendered messages/_side_bar.html.haml (80.6ms)
  Rendered messages/_main_chat.html.haml (101.4ms)
  Rendered messages/index.html.haml within layouts/application (323.5ms)
Completed 200 OK in 753ms (Views: 641.5ms | ActiveRecord: 3.0ms)


Started GET "/" for ::1 at 2020-06-18 21:31:14 +0900
Processing by MessagesController#index as HTML
  [1m[36mUser Load (1.7ms)[0m  [1m[34mSELECT  `users`.* FROM `users` WHERE `users`.`id` = 1 ORDER BY `users`.`id` ASC LIMIT 1[0m
  Rendering messages/index.html.haml within layouts/application
  Rendered messages/_side_bar.html.haml (128.7ms)
  Rendered messages/_main_chat.html.haml (20.5ms)
  Rendered messages/index.html.haml within layouts/application (169.0ms)
  Rendered layouts/_notifications.html.haml (6.3ms)
Completed 200 OK in 2538ms (Views: 2451.9ms | ActiveRecord: 1.7ms)


Started GET "/" for ::1 at 2020-06-18 21:31:26 +0900
Processing by MessagesController#index as HTML
  [1m[36mUser Load (0.4ms)[0m  [1m[34mSELECT  `users`.* FROM `users` WHERE `users`.`id` = 1 ORDER BY `users`.`id` ASC LIMIT 1[0m
  Rendering messages/index.html.haml within layouts/application
  Rendered messages/_side_bar.html.haml (6.6ms)
  Rendered messages/_main_chat.html.haml (8.7ms)
  Rendered messages/index.html.haml within layouts/application (26.2ms)
  Rendered layouts/_notifications.html.haml (2.0ms)
Completed 200 OK in 83ms (Views: 74.7ms | ActiveRecord: 0.4ms)


Started GET "/" for ::1 at 2020-06-18 21:31:28 +0900
Processing by MessagesController#index as HTML
  [1m[36mUser Load (2.6ms)[0m  [1m[34mSELECT  `users`.* FROM `users` WHERE `users`.`id` = 1 ORDER BY `users`.`id` ASC LIMIT 1[0m
  Rendering messages/index.html.haml within layouts/application
  Rendered messages/_side_bar.html.haml (9.4ms)
  Rendered messages/_main_chat.html.haml (12.5ms)
  Rendered messages/index.html.haml within layouts/application (31.0ms)
  Rendered layouts/_notifications.html.haml (2.2ms)
Completed 200 OK in 222ms (Views: 213.6ms | ActiveRecord: 2.6ms)


Started GET "/users/1/edit" for ::1 at 2020-06-18 21:31:29 +0900
Processing by UsersController#edit as HTML
  Parameters: {"id"=>"1"}
  [1m[36mUser Load (0.4ms)[0m  [1m[34mSELECT  `users`.* FROM `users` WHERE `users`.`id` = 1 ORDER BY `users`.`id` ASC LIMIT 1[0m
  Rendering users/edit.html.haml within layouts/application
  Rendered users/edit.html.haml within layouts/application (56.6ms)
  Rendered layouts/_notifications.html.haml (2.2ms)
Completed 200 OK in 120ms (Views: 114.5ms | ActiveRecord: 0.4ms)


Started PATCH "/users/1" for ::1 at 2020-06-18 21:31:36 +0900
Processing by UsersController#update as HTML
  Parameters: {"utf8"=>"âœ“", "authenticity_token"=>"drcyUTRhbmck8hsHygcqQaMVxzafR2YNG8Oqn1DCtLzfNFzrTwwD9iYfqgf4EoKJ3M75GVHAG+rU/mDL16xrTg==", "user"=>{"name"=>"kumi naruse", "email"=>"eternelbeaute2010@gmail.com"}, "commit"=>"Update", "id"=>"1"}
  [1m[36mUser Load (0.9ms)[0m  [1m[34mSELECT  `users`.* FROM `users` WHERE `users`.`id` = 1 ORDER BY `users`.`id` ASC LIMIT 1[0m
  [1m[35m (45.9ms)[0m  [1m[35mBEGIN[0m
  [1m[36mUser Exists (80.0ms)[0m  [1m[34mSELECT  1 AS one FROM `users` WHERE `users`.`name` = BINARY 'kumi naruse' AND (`users`.`id` != 1) LIMIT 1[0m
  [1m[35m (1.2ms)[0m  [1m[35mCOMMIT[0m
Redirected to http://localhost:3000/
Completed 302 Found in 142ms (ActiveRecord: 128.0ms)


Started GET "/" for ::1 at 2020-06-18 21:31:36 +0900
Processing by MessagesController#index as HTML
  [1m[36mUser Load (1.2ms)[0m  [1m[34mSELECT  `users`.* FROM `users` WHERE `users`.`id` = 1 ORDER BY `users`.`id` ASC LIMIT 1[0m
  Rendering messages/index.html.haml within layouts/application
  Rendered messages/_side_bar.html.haml (7.4ms)
  Rendered messages/_main_chat.html.haml (18.0ms)
  Rendered messages/index.html.haml within layouts/application (38.8ms)
  Rendered layouts/_notifications.html.haml (4.6ms)
Completed 200 OK in 117ms (Views: 109.2ms | ActiveRecord: 1.2ms)


Started GET "/" for ::1 at 2020-06-18 21:31:40 +0900
Processing by MessagesController#index as HTML
  [1m[36mUser Load (2.6ms)[0m  [1m[34mSELECT  `users`.* FROM `users` WHERE `users`.`id` = 1 ORDER BY `users`.`id` ASC LIMIT 1[0m
  Rendering messages/index.html.haml within layouts/application
  Rendered messages/_side_bar.html.haml (7.7ms)
  Rendered messages/_main_chat.html.haml (9.2ms)
  Rendered messages/index.html.haml within layouts/application (24.4ms)
  Rendered layouts/_notifications.html.haml (1.9ms)
Completed 200 OK in 89ms (Views: 81.4ms | ActiveRecord: 2.6ms)


Started GET "/users/1/edit" for ::1 at 2020-06-18 21:31:43 +0900
Processing by UsersController#edit as HTML
  Parameters: {"id"=>"1"}
  [1m[36mUser Load (42.9ms)[0m  [1m[34mSELECT  `users`.* FROM `users` WHERE `users`.`id` = 1 ORDER BY `users`.`id` ASC LIMIT 1[0m
  Rendering users/edit.html.haml within layouts/application
  Rendered users/edit.html.haml within layouts/application (7.1ms)
  Rendered layouts/_notifications.html.haml (3.5ms)
Completed 200 OK in 114ms (Views: 61.2ms | ActiveRecord: 42.9ms)


Started PATCH "/users/1" for ::1 at 2020-06-18 21:31:44 +0900
Processing by UsersController#update as HTML
  Parameters: {"utf8"=>"âœ“", "authenticity_token"=>"HiQAP1k7lTbBQtCBgpa5opKoHyxVMbDdoJCVY+uZojG3p26FIlb4p8OvYYGwgxFq7XMhA5u2zTpvrV83bPd9ww==", "user"=>{"name"=>"kumi naruse", "email"=>"eternelbeaute2010@gmail.com"}, "commit"=>"Update", "id"=>"1"}
  [1m[36mUser Load (0.4ms)[0m  [1m[34mSELECT  `users`.* FROM `users` WHERE `users`.`id` = 1 ORDER BY `users`.`id` ASC LIMIT 1[0m
  [1m[35m (0.2ms)[0m  [1m[35mBEGIN[0m
  [1m[36mUser Exists (15.5ms)[0m  [1m[34mSELECT  1 AS one FROM `users` WHERE `users`.`name` = BINARY 'kumi naruse' AND (`users`.`id` != 1) LIMIT 1[0m
  [1m[35m (0.3ms)[0m  [1m[35mCOMMIT[0m
Redirected to http://localhost:3000/
Completed 302 Found in 30ms (ActiveRecord: 16.3ms)


Started GET "/" for ::1 at 2020-06-18 21:31:44 +0900
Processing by MessagesController#index as HTML
  [1m[36mUser Load (0.6ms)[0m  [1m[34mSELECT  `users`.* FROM `users` WHERE `users`.`id` = 1 ORDER BY `users`.`id` ASC LIMIT 1[0m
  Rendering messages/index.html.haml within layouts/application
  Rendered messages/_side_bar.html.haml (6.4ms)
  Rendered messages/_main_chat.html.haml (10.3ms)
  Rendered messages/index.html.haml within layouts/application (25.4ms)
  Rendered layouts/_notifications.html.haml (3.8ms)
Completed 200 OK in 88ms (Views: 80.8ms | ActiveRecord: 0.6ms)


Started GET "/" for ::1 at 2020-06-18 21:31:46 +0900
Processing by MessagesController#index as HTML
  [1m[36mUser Load (1.9ms)[0m  [1m[34mSELECT  `users`.* FROM `users` WHERE `users`.`id` = 1 ORDER BY `users`.`id` ASC LIMIT 1[0m
  Rendering messages/index.html.haml within layouts/application
  Rendered messages/_side_bar.html.haml (10.8ms)
  Rendered messages/_main_chat.html.haml (16.7ms)
  Rendered messages/index.html.haml within layouts/application (41.6ms)
  Rendered layouts/_notifications.html.haml (2.8ms)
Completed 200 OK in 119ms (Views: 112.0ms | ActiveRecord: 1.9ms)


  [1m[35m (0.3ms)[0m  [1m[34mSELECT DATABASE() as db[0m
  [1m[35m (41.3ms)[0m  [1m[34mSELECT GET_LOCK('8445024276154775190', 0);[0m
  [1m[36mActiveRecord::SchemaMigration Load (44.0ms)[0m  [1m[34mSELECT `schema_migrations`.* FROM `schema_migrations`[0m
Migrating to CreateGroups (20200618131057)
  [1m[35m (168.2ms)[0m  [1m[35mCREATE TABLE `groups` (`id` int AUTO_INCREMENT PRIMARY KEY, `name` varchar(255) NOT NULL, `created_at` datetime NOT NULL, `updated_at` datetime NOT NULL, UNIQUE INDEX `index_groups_on_name`  (`name`)) ENGINE=InnoDB[0m
  [1m[35m (0.2ms)[0m  [1m[35mBEGIN[0m
  [1m[35mSQL (0.5ms)[0m  [1m[32mINSERT INTO `schema_migrations` (`version`) VALUES ('20200618131057')[0m
  [1m[35m (1.1ms)[0m  [1m[35mCOMMIT[0m
Migrating to CreateGroupUsers (20200618131123)
  [1m[35m (87.9ms)[0m  [1m[35mCREATE TABLE `group_users` (`id` int AUTO_INCREMENT PRIMARY KEY, `group_id` int, `user_id` int, `created_at` datetime NOT NULL, `updated_at` datetime NOT NULL,  INDEX `index_group_users_on_group_id`  (`group_id`),  INDEX `index_group_users_on_user_id`  (`user_id`), CONSTRAINT `fk_rails_a9d5f48449`
FOREIGN KEY (`group_id`)
  REFERENCES `groups` (`id`)
, CONSTRAINT `fk_rails_1486913327`
FOREIGN KEY (`user_id`)
  REFERENCES `users` (`id`)
) ENGINE=InnoDB[0m
  [1m[35m (0.2ms)[0m  [1m[35mBEGIN[0m
  [1m[35mSQL (0.3ms)[0m  [1m[32mINSERT INTO `schema_migrations` (`version`) VALUES ('20200618131123')[0m
  [1m[35m (1.6ms)[0m  [1m[35mCOMMIT[0m
  [1m[36mActiveRecord::InternalMetadata Load (2.4ms)[0m  [1m[34mSELECT  `ar_internal_metadata`.* FROM `ar_internal_metadata` WHERE `ar_internal_metadata`.`key` = 'environment' LIMIT 1[0m
  [1m[35m (0.2ms)[0m  [1m[35mBEGIN[0m
  [1m[35m (0.2ms)[0m  [1m[35mCOMMIT[0m
  [1m[35m (0.2ms)[0m  [1m[34mSELECT RELEASE_LOCK('8445024276154775190')[0m
  [1m[36mActiveRecord::SchemaMigration Load (0.3ms)[0m  [1m[34mSELECT `schema_migrations`.* FROM `schema_migrations`[0m
  [1m[35m (2.0ms)[0m  [1m[35mSHOW CREATE TABLE `group_users`[0m
  [1m[35m (0.3ms)[0m  [1m[35mSHOW CREATE TABLE `groups`[0m
  [1m[35m (2.9ms)[0m  [1m[35mSHOW TABLE STATUS LIKE 'groups'[0m
  [1m[35m (0.4ms)[0m  [1m[35mSHOW CREATE TABLE `users`[0m
  [1m[35m (0.7ms)[0m  [1m[35mSHOW TABLE STATUS LIKE 'users'[0m
  [1m[35m (0.9ms)[0m  [1m[34mSELECT DATABASE() as db[0m
  [1m[35m (26.9ms)[0m  [1m[34mSELECT GET_LOCK('8445024276154775190', 0);[0m
  [1m[36mActiveRecord::SchemaMigration Load (51.7ms)[0m  [1m[34mSELECT `schema_migrations`.* FROM `schema_migrations`[0m
  [1m[36mActiveRecord::InternalMetadata Load (2.3ms)[0m  [1m[34mSELECT  `ar_internal_metadata`.* FROM `ar_internal_metadata` WHERE `ar_internal_metadata`.`key` = 'environment' LIMIT 1[0m
  [1m[35m (0.2ms)[0m  [1m[35mBEGIN[0m
  [1m[35m (0.2ms)[0m  [1m[35mCOMMIT[0m
  [1m[35m (0.2ms)[0m  [1m[34mSELECT RELEASE_LOCK('8445024276154775190')[0m
  [1m[36mActiveRecord::SchemaMigration Load (0.3ms)[0m  [1m[34mSELECT `schema_migrations`.* FROM `schema_migrations`[0m
  [1m[35m (2.6ms)[0m  [1m[35mSHOW CREATE TABLE `group_users`[0m
  [1m[35m (0.2ms)[0m  [1m[35mSHOW CREATE TABLE `groups`[0m
  [1m[35m (1.6ms)[0m  [1m[35mSHOW TABLE STATUS LIKE 'groups'[0m
  [1m[35m (0.2ms)[0m  [1m[35mSHOW CREATE TABLE `users`[0m
  [1m[35m (0.4ms)[0m  [1m[35mSHOW TABLE STATUS LIKE 'users'[0m
  [1m[35m (0.3ms)[0m  [1m[34mSELECT DATABASE() as db[0m
  [1m[35m (0.4ms)[0m  [1m[34mSELECT GET_LOCK('8445024276154775190', 0);[0m
  [1m[36mActiveRecord::SchemaMigration Load (50.6ms)[0m  [1m[34mSELECT `schema_migrations`.* FROM `schema_migrations`[0m
  [1m[36mActiveRecord::InternalMetadata Load (1.6ms)[0m  [1m[34mSELECT  `ar_internal_metadata`.* FROM `ar_internal_metadata` WHERE `ar_internal_metadata`.`key` = 'environment' LIMIT 1[0m
  [1m[35m (0.2ms)[0m  [1m[35mBEGIN[0m
  [1m[35m (0.1ms)[0m  [1m[35mCOMMIT[0m
  [1m[35m (0.2ms)[0m  [1m[34mSELECT RELEASE_LOCK('8445024276154775190')[0m
  [1m[36mActiveRecord::SchemaMigration Load (0.2ms)[0m  [1m[34mSELECT `schema_migrations`.* FROM `schema_migrations`[0m
  [1m[35m (1.4ms)[0m  [1m[35mSHOW CREATE TABLE `group_users`[0m
  [1m[35m (0.2ms)[0m  [1m[35mSHOW CREATE TABLE `groups`[0m
  [1m[35m (2.4ms)[0m  [1m[35mSHOW TABLE STATUS LIKE 'groups'[0m
  [1m[35m (0.1ms)[0m  [1m[35mSHOW CREATE TABLE `users`[0m
  [1m[35m (0.4ms)[0m  [1m[35mSHOW TABLE STATUS LIKE 'users'[0m
  [1m[36mUser Load (50.5ms)[0m  [1m[34mSELECT `users`.* FROM `users` WHERE `users`.`id` IN (1, 2)[0m
  [1m[36mUser Load (0.5ms)[0m  [1m[34mSELECT `users`.* FROM `users` WHERE `users`.`id` = 1[0m
  [1m[35m (0.3ms)[0m  [1m[35mBEGIN[0m
  [1m[36mGroup Exists (8.7ms)[0m  [1m[34mSELECT  1 AS one FROM `groups` WHERE `groups`.`name` = BINARY 'ã‚°ãƒ«ãƒ¼ãƒ—1' LIMIT 1[0m
  [1m[35mSQL (21.2ms)[0m  [1m[32mINSERT INTO `groups` (`name`, `created_at`, `updated_at`) VALUES ('ã‚°ãƒ«ãƒ¼ãƒ—1', '2020-06-19 05:12:03', '2020-06-19 05:12:03')[0m
  [1m[35mSQL (7.0ms)[0m  [1m[32mINSERT INTO `group_users` (`group_id`, `user_id`, `created_at`, `updated_at`) VALUES (1, 1, '2020-06-19 05:12:03', '2020-06-19 05:12:03')[0m
  [1m[35m (2.0ms)[0m  [1m[35mCOMMIT[0m
Started GET "/" for ::1 at 2020-06-19 14:18:27 +0900
  [1m[36mActiveRecord::SchemaMigration Load (24.5ms)[0m  [1m[34mSELECT `schema_migrations`.* FROM `schema_migrations`[0m
Processing by MessagesController#index as HTML
  [1m[36mUser Load (7.8ms)[0m  [1m[34mSELECT  `users`.* FROM `users` WHERE `users`.`id` = 1 ORDER BY `users`.`id` ASC LIMIT 1[0m
  Rendering messages/index.html.haml within layouts/application
  Rendered messages/_side_bar.html.haml (23.1ms)
  Rendered messages/_main_chat.html.haml (80.6ms)
  Rendered messages/index.html.haml within layouts/application (348.9ms)
  Rendered layouts/_notifications.html.haml (7.3ms)
Completed 200 OK in 12783ms (Views: 11769.1ms | ActiveRecord: 21.8ms)


Started GET "/users/1/edit" for ::1 at 2020-06-19 14:18:59 +0900
Processing by UsersController#edit as HTML
  Parameters: {"id"=>"1"}
  [1m[36mUser Load (2.6ms)[0m  [1m[34mSELECT  `users`.* FROM `users` WHERE `users`.`id` = 1 ORDER BY `users`.`id` ASC LIMIT 1[0m
  Rendering users/edit.html.haml within layouts/application
  Rendered users/edit.html.haml within layouts/application (183.7ms)
  Rendered layouts/_notifications.html.haml (2.5ms)
Completed 200 OK in 559ms (Views: 326.0ms | ActiveRecord: 2.6ms)


Started GET "/" for ::1 at 2020-06-19 14:19:08 +0900
Processing by MessagesController#index as HTML
  [1m[36mUser Load (0.4ms)[0m  [1m[34mSELECT  `users`.* FROM `users` WHERE `users`.`id` = 1 ORDER BY `users`.`id` ASC LIMIT 1[0m
  Rendering messages/index.html.haml within layouts/application
  Rendered messages/_side_bar.html.haml (8.1ms)
  Rendered messages/_main_chat.html.haml (17.3ms)
  Rendered messages/index.html.haml within layouts/application (38.9ms)
  Rendered layouts/_notifications.html.haml (2.2ms)
Completed 200 OK in 212ms (Views: 202.7ms | ActiveRecord: 0.4ms)


Started GET "/" for ::1 at 2020-06-19 14:19:12 +0900
Processing by MessagesController#index as HTML
  [1m[36mUser Load (6.4ms)[0m  [1m[34mSELECT  `users`.* FROM `users` WHERE `users`.`id` = 1 ORDER BY `users`.`id` ASC LIMIT 1[0m
  Rendering messages/index.html.haml within layouts/application
  Rendered messages/_side_bar.html.haml (7.6ms)
  Rendered messages/_main_chat.html.haml (24.6ms)
  Rendered messages/index.html.haml within layouts/application (45.5ms)
  Rendered layouts/_notifications.html.haml (10.4ms)
Completed 200 OK in 228ms (Views: 213.9ms | ActiveRecord: 6.4ms)


Started GET "/" for ::1 at 2020-06-19 14:20:55 +0900
Processing by MessagesController#index as HTML
  [1m[36mUser Load (2.3ms)[0m  [1m[34mSELECT  `users`.* FROM `users` WHERE `users`.`id` = 1 ORDER BY `users`.`id` ASC LIMIT 1[0m
  Rendering messages/index.html.haml within layouts/application
  Rendered messages/_side_bar.html.haml (20.8ms)
  Rendered messages/_main_chat.html.haml (27.8ms)
  Rendered messages/index.html.haml within layouts/application (72.9ms)
  Rendered layouts/_notifications.html.haml (3.1ms)
Completed 200 OK in 209ms (Views: 177.8ms | ActiveRecord: 2.3ms)


Started GET "/" for ::1 at 2020-06-19 14:41:53 +0900
Processing by MessagesController#index as HTML
  [1m[36mUser Load (96.9ms)[0m  [1m[34mSELECT  `users`.* FROM `users` WHERE `users`.`id` = 1 ORDER BY `users`.`id` ASC LIMIT 1[0m
  Rendering messages/index.html.haml within layouts/application
  Rendered messages/_side_bar.html.haml (660.3ms)
  Rendered messages/index.html.haml within layouts/application (707.2ms)
Completed 500 Internal Server Error in 870ms (ActiveRecord: 96.9ms)


  
ActionView::Template::Error (undefined local variable or method `group_user' for #<#<Class:0x00007fa8d8e19c58>:0x00007fa8df1fa420>
Did you mean?  group_url):
     5:       = current_user.name
     6:     %ul.header__lists
     7:       %li.list
     8:         = link_to edit_new_path(group_user) do
     9:           = icon('fas', 'pen-square', class: 'icon')
    10:       %li.list
    11:         = link_to edit_user_path(current_user) do
  
app/views/messages/_side_bar.html.haml:8:in `_app_views_messages__side_bar_html_haml__4588375240996975937_70181637276900'
app/views/messages/index.html.haml:2:in `_app_views_messages_index_html_haml__4025107863228138826_70181637314180'
  Rendering /Users/narusekumi/.rbenv/versions/2.5.1/lib/ruby/gems/2.5.0/gems/actionpack-5.0.7.2/lib/action_dispatch/middleware/templates/rescues/template_error.html.erb within rescues/layout
  Rendering /Users/narusekumi/.rbenv/versions/2.5.1/lib/ruby/gems/2.5.0/gems/actionpack-5.0.7.2/lib/action_dispatch/middleware/templates/rescues/_source.html.erb
  Rendered /Users/narusekumi/.rbenv/versions/2.5.1/lib/ruby/gems/2.5.0/gems/actionpack-5.0.7.2/lib/action_dispatch/middleware/templates/rescues/_source.html.erb (5.3ms)
  Rendering /Users/narusekumi/.rbenv/versions/2.5.1/lib/ruby/gems/2.5.0/gems/actionpack-5.0.7.2/lib/action_dispatch/middleware/templates/rescues/_trace.html.erb
  Rendered /Users/narusekumi/.rbenv/versions/2.5.1/lib/ruby/gems/2.5.0/gems/actionpack-5.0.7.2/lib/action_dispatch/middleware/templates/rescues/_trace.html.erb (2.5ms)
  Rendering /Users/narusekumi/.rbenv/versions/2.5.1/lib/ruby/gems/2.5.0/gems/actionpack-5.0.7.2/lib/action_dispatch/middleware/templates/rescues/_request_and_response.html.erb
  Rendered /Users/narusekumi/.rbenv/versions/2.5.1/lib/ruby/gems/2.5.0/gems/actionpack-5.0.7.2/lib/action_dispatch/middleware/templates/rescues/_request_and_response.html.erb (1.2ms)
  Rendered /Users/narusekumi/.rbenv/versions/2.5.1/lib/ruby/gems/2.5.0/gems/actionpack-5.0.7.2/lib/action_dispatch/middleware/templates/rescues/template_error.html.erb within rescues/layout (164.3ms)
Started GET "/" for ::1 at 2020-06-19 14:42:11 +0900
Processing by MessagesController#index as HTML
  [1m[36mUser Load (0.6ms)[0m  [1m[34mSELECT  `users`.* FROM `users` WHERE `users`.`id` = 1 ORDER BY `users`.`id` ASC LIMIT 1[0m
  Rendering messages/index.html.haml within layouts/application
  Rendered messages/_side_bar.html.haml (13.0ms)
  Rendered messages/_main_chat.html.haml (40.5ms)
  Rendered messages/index.html.haml within layouts/application (63.6ms)
  Rendered layouts/_notifications.html.haml (4.7ms)
Completed 200 OK in 155ms (Views: 149.0ms | ActiveRecord: 0.6ms)


Started GET "/" for ::1 at 2020-06-19 14:45:04 +0900
Processing by MessagesController#index as HTML
  [1m[36mUser Load (1.1ms)[0m  [1m[34mSELECT  `users`.* FROM `users` WHERE `users`.`id` = 1 ORDER BY `users`.`id` ASC LIMIT 1[0m
  Rendering messages/index.html.haml within layouts/application
  Rendered messages/_side_bar.html.haml (20.9ms)
  Rendered messages/_main_chat.html.haml (32.7ms)
  Rendered messages/index.html.haml within layouts/application (68.7ms)
  Rendered layouts/_notifications.html.haml (3.2ms)
Completed 200 OK in 280ms (Views: 230.9ms | ActiveRecord: 1.1ms)


Started GET "/" for ::1 at 2020-06-19 14:45:11 +0900
Processing by MessagesController#index as HTML
  [1m[36mUser Load (1.8ms)[0m  [1m[34mSELECT  `users`.* FROM `users` WHERE `users`.`id` = 1 ORDER BY `users`.`id` ASC LIMIT 1[0m
  Rendering messages/index.html.haml within layouts/application
  Rendered messages/_side_bar.html.haml (7.3ms)
  Rendered messages/_main_chat.html.haml (12.0ms)
  Rendered messages/index.html.haml within layouts/application (28.6ms)
  Rendered layouts/_notifications.html.haml (2.3ms)
Completed 200 OK in 85ms (Views: 77.4ms | ActiveRecord: 1.8ms)


Started GET "/users/1/edit" for ::1 at 2020-06-19 14:45:13 +0900
Processing by UsersController#edit as HTML
  Parameters: {"id"=>"1"}
  [1m[36mUser Load (0.4ms)[0m  [1m[34mSELECT  `users`.* FROM `users` WHERE `users`.`id` = 1 ORDER BY `users`.`id` ASC LIMIT 1[0m
  Rendering users/edit.html.haml within layouts/application
  Rendered users/edit.html.haml within layouts/application (12.1ms)
  Rendered layouts/_notifications.html.haml (2.4ms)
Completed 200 OK in 68ms (Views: 59.0ms | ActiveRecord: 0.4ms)


Started GET "/users/1/edit" for ::1 at 2020-06-19 14:45:18 +0900
Processing by UsersController#edit as HTML
  Parameters: {"id"=>"1"}
  [1m[36mUser Load (1.5ms)[0m  [1m[34mSELECT  `users`.* FROM `users` WHERE `users`.`id` = 1 ORDER BY `users`.`id` ASC LIMIT 1[0m
  Rendering users/edit.html.haml within layouts/application
  Rendered users/edit.html.haml within layouts/application (13.5ms)
  Rendered layouts/_notifications.html.haml (4.2ms)
Completed 200 OK in 111ms (Views: 93.0ms | ActiveRecord: 1.5ms)


Started GET "/" for ::1 at 2020-06-19 14:54:25 +0900
Processing by MessagesController#index as HTML
  [1m[36mUser Load (106.7ms)[0m  [1m[34mSELECT  `users`.* FROM `users` WHERE `users`.`id` = 1 ORDER BY `users`.`id` ASC LIMIT 1[0m
  Rendering messages/index.html.haml within layouts/application
  Rendered messages/_side_bar.html.haml (26.6ms)
  Rendered messages/_main_chat.html.haml (32.0ms)
  Rendered messages/index.html.haml within layouts/application (109.3ms)
  Rendered layouts/_notifications.html.haml (3.1ms)
Completed 200 OK in 397ms (Views: 230.9ms | ActiveRecord: 106.7ms)


Started GET "/groups/new" for ::1 at 2020-06-19 14:54:28 +0900
Processing by GroupsController#new as HTML
  [1m[36mUser Load (0.5ms)[0m  [1m[34mSELECT  `users`.* FROM `users` WHERE `users`.`id` = 1 ORDER BY `users`.`id` ASC LIMIT 1[0m
  Rendering groups/new.html.haml within layouts/application
  [1m[36mUser Load (0.4ms)[0m  [1m[34mSELECT `users`.* FROM `users`[0m
  Rendered groups/new.html.haml within layouts/application (202.9ms)
  Rendered layouts/_notifications.html.haml (3.1ms)
Completed 200 OK in 563ms (Views: 296.7ms | ActiveRecord: 152.4ms)


Started GET "/groups/new" for ::1 at 2020-06-19 14:55:40 +0900
Processing by GroupsController#new as HTML
  [1m[36mUser Load (0.3ms)[0m  [1m[34mSELECT  `users`.* FROM `users` WHERE `users`.`id` = 1 ORDER BY `users`.`id` ASC LIMIT 1[0m
  Rendering groups/new.html.haml within layouts/application
  [1m[36mUser Load (0.3ms)[0m  [1m[34mSELECT `users`.* FROM `users`[0m
  Rendered groups/new.html.haml within layouts/application (4.7ms)
  Rendered layouts/_notifications.html.haml (2.4ms)
Completed 200 OK in 62ms (Views: 54.6ms | ActiveRecord: 0.6ms)


Started GET "/groups/new" for ::1 at 2020-06-19 14:59:13 +0900
Processing by GroupsController#new as HTML
  [1m[36mUser Load (44.6ms)[0m  [1m[34mSELECT  `users`.* FROM `users` WHERE `users`.`id` = 1 ORDER BY `users`.`id` ASC LIMIT 1[0m
  Rendering groups/new.html.haml within layouts/application
  [1m[36mUser Load (215.7ms)[0m  [1m[34mSELECT `users`.* FROM `users`[0m
  Rendered groups/new.html.haml within layouts/application (309.2ms)
  Rendered layouts/_notifications.html.haml (10.2ms)
Completed 200 OK in 986ms (Views: 610.8ms | ActiveRecord: 260.3ms)


Started GET "/groups/new" for ::1 at 2020-06-19 14:59:48 +0900
Processing by GroupsController#new as HTML
  [1m[36mUser Load (0.6ms)[0m  [1m[34mSELECT  `users`.* FROM `users` WHERE `users`.`id` = 1 ORDER BY `users`.`id` ASC LIMIT 1[0m
  Rendering groups/new.html.haml within layouts/application
  [1m[36mUser Load (0.4ms)[0m  [1m[34mSELECT `users`.* FROM `users`[0m
  Rendered groups/new.html.haml within layouts/application (7.0ms)
  Rendered layouts/_notifications.html.haml (8.8ms)
Completed 200 OK in 96ms (Views: 84.8ms | ActiveRecord: 1.0ms)


Started GET "/groups/new" for ::1 at 2020-06-19 15:05:21 +0900
Processing by GroupsController#new as HTML
  [1m[36mUser Load (2.0ms)[0m  [1m[34mSELECT  `users`.* FROM `users` WHERE `users`.`id` = 1 ORDER BY `users`.`id` ASC LIMIT 1[0m
  Rendering groups/new.html.haml within layouts/application
  [1m[36mUser Load (0.4ms)[0m  [1m[34mSELECT `users`.* FROM `users`[0m
  Rendered groups/new.html.haml within layouts/application (33.7ms)
  Rendered layouts/_notifications.html.haml (14.3ms)
Completed 200 OK in 267ms (Views: 201.4ms | ActiveRecord: 2.4ms)


Started POST "/groups" for ::1 at 2020-06-19 15:05:36 +0900
Processing by GroupsController#create as HTML
  Parameters: {"utf8"=>"âœ“", "authenticity_token"=>"ZBAiNXerByQnB6ypGWm8ejDWincx/3r5xS0Wg45Ehchio7SBbIOupSjDHrwEFiOqfM0noGoo7VSjwMtkKM6u/Q==", "group"=>{"name"=>"testtest11", "user_ids"=>["", "1"]}, "commit"=>"Save"}
  [1m[36mUser Load (42.1ms)[0m  [1m[34mSELECT  `users`.* FROM `users` WHERE `users`.`id` = 1 ORDER BY `users`.`id` ASC LIMIT 1[0m
Started GET "/" for ::1 at 2020-06-19 15:14:05 +0900
No template found for GroupsController#create, rendering head :no_content
Completed 204 No Content in 2885589ms (ActiveRecord: 42.1ms)


Started GET "/" for ::1 at 2020-06-19 15:53:42 +0900
Started GET "/" for ::1 at 2020-06-19 15:53:42 +0900
Started GET "/" for ::1 at 2020-06-19 15:53:42 +0900
  
SyntaxError (/Users/narusekumi/projects/chat-space/app/controllers/groups_controller.rb:18: syntax error, unexpected end-of-input, expecting keyword_end):
  
app/controllers/groups_controller.rb:18: syntax error, unexpected end-of-input, expecting keyword_end
  Rendering /Users/narusekumi/.rbenv/versions/2.5.1/lib/ruby/gems/2.5.0/gems/actionpack-5.0.7.2/lib/action_dispatch/middleware/templates/rescues/diagnostics.html.erb within rescues/layout
  Rendering /Users/narusekumi/.rbenv/versions/2.5.1/lib/ruby/gems/2.5.0/gems/actionpack-5.0.7.2/lib/action_dispatch/middleware/templates/rescues/_source.html.erb
  Rendered /Users/narusekumi/.rbenv/versions/2.5.1/lib/ruby/gems/2.5.0/gems/actionpack-5.0.7.2/lib/action_dispatch/middleware/templates/rescues/_source.html.erb (40.8ms)
  Rendering /Users/narusekumi/.rbenv/versions/2.5.1/lib/ruby/gems/2.5.0/gems/actionpack-5.0.7.2/lib/action_dispatch/middleware/templates/rescues/_trace.html.erb
  Rendered /Users/narusekumi/.rbenv/versions/2.5.1/lib/ruby/gems/2.5.0/gems/actionpack-5.0.7.2/lib/action_dispatch/middleware/templates/rescues/_trace.html.erb (12.9ms)
  Rendering /Users/narusekumi/.rbenv/versions/2.5.1/lib/ruby/gems/2.5.0/gems/actionpack-5.0.7.2/lib/action_dispatch/middleware/templates/rescues/_request_and_response.html.erb
  Rendered /Users/narusekumi/.rbenv/versions/2.5.1/lib/ruby/gems/2.5.0/gems/actionpack-5.0.7.2/lib/action_dispatch/middleware/templates/rescues/_request_and_response.html.erb (5.6ms)
  Rendered /Users/narusekumi/.rbenv/versions/2.5.1/lib/ruby/gems/2.5.0/gems/actionpack-5.0.7.2/lib/action_dispatch/middleware/templates/rescues/diagnostics.html.erb within rescues/layout (797.6ms)
  
Started GET "/" for ::1 at 2020-06-19 15:53:46 +0900
  
  
SyntaxError (/Users/narusekumi/projects/chat-space/app/controllers/groups_controller.rb:18: syntax error, unexpected end-of-input, expecting keyword_end):
SyntaxError (/Users/narusekumi/projects/chat-space/app/controllers/groups_controller.rb:18: syntax error, unexpected end-of-input, expecting keyword_end):
SyntaxError (/Users/narusekumi/projects/chat-space/app/controllers/groups_controller.rb:18: syntax error, unexpected end-of-input, expecting keyword_end):
  
  
  
app/controllers/groups_controller.rb:18: syntax error, unexpected end-of-input, expecting keyword_end
app/controllers/groups_controller.rb:18: syntax error, unexpected end-of-input, expecting keyword_end
app/controllers/groups_controller.rb:18: syntax error, unexpected end-of-input, expecting keyword_end
  Rendering /Users/narusekumi/.rbenv/versions/2.5.1/lib/ruby/gems/2.5.0/gems/actionpack-5.0.7.2/lib/action_dispatch/middleware/templates/rescues/diagnostics.html.erb within rescues/layout
  Rendering /Users/narusekumi/.rbenv/versions/2.5.1/lib/ruby/gems/2.5.0/gems/actionpack-5.0.7.2/lib/action_dispatch/middleware/templates/rescues/_source.html.erb
  Rendered /Users/narusekumi/.rbenv/versions/2.5.1/lib/ruby/gems/2.5.0/gems/actionpack-5.0.7.2/lib/action_dispatch/middleware/templates/rescues/_source.html.erb (20.5ms)
  Rendering /Users/narusekumi/.rbenv/versions/2.5.1/lib/ruby/gems/2.5.0/gems/actionpack-5.0.7.2/lib/action_dispatch/middleware/templates/rescues/diagnostics.html.erb within rescues/layout
  Rendering /Users/narusekumi/.rbenv/versions/2.5.1/lib/ruby/gems/2.5.0/gems/actionpack-5.0.7.2/lib/action_dispatch/middleware/templates/rescues/diagnostics.html.erb within rescues/layout
  Rendering /Users/narusekumi/.rbenv/versions/2.5.1/lib/ruby/gems/2.5.0/gems/actionpack-5.0.7.2/lib/action_dispatch/middleware/templates/rescues/_trace.html.erb
  Rendered /Users/narusekumi/.rbenv/versions/2.5.1/lib/ruby/gems/2.5.0/gems/actionpack-5.0.7.2/lib/action_dispatch/middleware/templates/rescues/_trace.html.erb (3.9ms)
  Rendering /Users/narusekumi/.rbenv/versions/2.5.1/lib/ruby/gems/2.5.0/gems/actionpack-5.0.7.2/lib/action_dispatch/middleware/templates/rescues/_source.html.erb
  Rendered /Users/narusekumi/.rbenv/versions/2.5.1/lib/ruby/gems/2.5.0/gems/actionpack-5.0.7.2/lib/action_dispatch/middleware/templates/rescues/_source.html.erb (4.4ms)
  Rendering /Users/narusekumi/.rbenv/versions/2.5.1/lib/ruby/gems/2.5.0/gems/actionpack-5.0.7.2/lib/action_dispatch/middleware/templates/rescues/_source.html.erb
  Rendered /Users/narusekumi/.rbenv/versions/2.5.1/lib/ruby/gems/2.5.0/gems/actionpack-5.0.7.2/lib/action_dispatch/middleware/templates/rescues/_source.html.erb (6.3ms)
  Rendering /Users/narusekumi/.rbenv/versions/2.5.1/lib/ruby/gems/2.5.0/gems/actionpack-5.0.7.2/lib/action_dispatch/middleware/templates/rescues/_request_and_response.html.erb
  Rendered /Users/narusekumi/.rbenv/versions/2.5.1/lib/ruby/gems/2.5.0/gems/actionpack-5.0.7.2/lib/action_dispatch/middleware/templates/rescues/_request_and_response.html.erb (1.9ms)
  Rendered /Users/narusekumi/.rbenv/versions/2.5.1/lib/ruby/gems/2.5.0/gems/actionpack-5.0.7.2/lib/action_dispatch/middleware/templates/rescues/diagnostics.html.erb within rescues/layout (1463.8ms)
  Rendering /Users/narusekumi/.rbenv/versions/2.5.1/lib/ruby/gems/2.5.0/gems/actionpack-5.0.7.2/lib/action_dispatch/middleware/templates/rescues/_trace.html.erb
  Rendered /Users/narusekumi/.rbenv/versions/2.5.1/lib/ruby/gems/2.5.0/gems/actionpack-5.0.7.2/lib/action_dispatch/middleware/templates/rescues/_trace.html.erb (2.7ms)
  Rendering /Users/narusekumi/.rbenv/versions/2.5.1/lib/ruby/gems/2.5.0/gems/actionpack-5.0.7.2/lib/action_dispatch/middleware/templates/rescues/_trace.html.erb
  Rendered /Users/narusekumi/.rbenv/versions/2.5.1/lib/ruby/gems/2.5.0/gems/actionpack-5.0.7.2/lib/action_dispatch/middleware/templates/rescues/_trace.html.erb (169.2ms)
  Rendering /Users/narusekumi/.rbenv/versions/2.5.1/lib/ruby/gems/2.5.0/gems/actionpack-5.0.7.2/lib/action_dispatch/middleware/templates/rescues/_request_and_response.html.erb
  Rendered /Users/narusekumi/.rbenv/versions/2.5.1/lib/ruby/gems/2.5.0/gems/actionpack-5.0.7.2/lib/action_dispatch/middleware/templates/rescues/_request_and_response.html.erb (4.4ms)
  Rendered /Users/narusekumi/.rbenv/versions/2.5.1/lib/ruby/gems/2.5.0/gems/actionpack-5.0.7.2/lib/action_dispatch/middleware/templates/rescues/diagnostics.html.erb within rescues/layout (1603.8ms)
  Rendering /Users/narusekumi/.rbenv/versions/2.5.1/lib/ruby/gems/2.5.0/gems/actionpack-5.0.7.2/lib/action_dispatch/middleware/templates/rescues/_request_and_response.html.erb
  Rendered /Users/narusekumi/.rbenv/versions/2.5.1/lib/ruby/gems/2.5.0/gems/actionpack-5.0.7.2/lib/action_dispatch/middleware/templates/rescues/_request_and_response.html.erb (2.3ms)
  Rendered /Users/narusekumi/.rbenv/versions/2.5.1/lib/ruby/gems/2.5.0/gems/actionpack-5.0.7.2/lib/action_dispatch/middleware/templates/rescues/diagnostics.html.erb within rescues/layout (1503.7ms)
  
SyntaxError (/Users/narusekumi/projects/chat-space/app/controllers/groups_controller.rb:18: syntax error, unexpected end-of-input, expecting keyword_end):
  
app/controllers/groups_controller.rb:18: syntax error, unexpected end-of-input, expecting keyword_end
  Rendering /Users/narusekumi/.rbenv/versions/2.5.1/lib/ruby/gems/2.5.0/gems/actionpack-5.0.7.2/lib/action_dispatch/middleware/templates/rescues/diagnostics.html.erb within rescues/layout
  Rendering /Users/narusekumi/.rbenv/versions/2.5.1/lib/ruby/gems/2.5.0/gems/actionpack-5.0.7.2/lib/action_dispatch/middleware/templates/rescues/_source.html.erb
  Rendered /Users/narusekumi/.rbenv/versions/2.5.1/lib/ruby/gems/2.5.0/gems/actionpack-5.0.7.2/lib/action_dispatch/middleware/templates/rescues/_source.html.erb (4.5ms)
  Rendering /Users/narusekumi/.rbenv/versions/2.5.1/lib/ruby/gems/2.5.0/gems/actionpack-5.0.7.2/lib/action_dispatch/middleware/templates/rescues/_trace.html.erb
  Rendered /Users/narusekumi/.rbenv/versions/2.5.1/lib/ruby/gems/2.5.0/gems/actionpack-5.0.7.2/lib/action_dispatch/middleware/templates/rescues/_trace.html.erb (4.4ms)
  Rendering /Users/narusekumi/.rbenv/versions/2.5.1/lib/ruby/gems/2.5.0/gems/actionpack-5.0.7.2/lib/action_dispatch/middleware/templates/rescues/_request_and_response.html.erb
  Rendered /Users/narusekumi/.rbenv/versions/2.5.1/lib/ruby/gems/2.5.0/gems/actionpack-5.0.7.2/lib/action_dispatch/middleware/templates/rescues/_request_and_response.html.erb (36.1ms)
  Rendered /Users/narusekumi/.rbenv/versions/2.5.1/lib/ruby/gems/2.5.0/gems/actionpack-5.0.7.2/lib/action_dispatch/middleware/templates/rescues/diagnostics.html.erb within rescues/layout (543.4ms)
Started GET "/" for ::1 at 2020-06-19 15:54:00 +0900
  
SyntaxError (/Users/narusekumi/projects/chat-space/app/controllers/groups_controller.rb:18: syntax error, unexpected end-of-input, expecting keyword_end):
  
app/controllers/groups_controller.rb:18: syntax error, unexpected end-of-input, expecting keyword_end
  Rendering /Users/narusekumi/.rbenv/versions/2.5.1/lib/ruby/gems/2.5.0/gems/actionpack-5.0.7.2/lib/action_dispatch/middleware/templates/rescues/diagnostics.html.erb within rescues/layout
  Rendering /Users/narusekumi/.rbenv/versions/2.5.1/lib/ruby/gems/2.5.0/gems/actionpack-5.0.7.2/lib/action_dispatch/middleware/templates/rescues/_source.html.erb
  Rendered /Users/narusekumi/.rbenv/versions/2.5.1/lib/ruby/gems/2.5.0/gems/actionpack-5.0.7.2/lib/action_dispatch/middleware/templates/rescues/_source.html.erb (19.8ms)
  Rendering /Users/narusekumi/.rbenv/versions/2.5.1/lib/ruby/gems/2.5.0/gems/actionpack-5.0.7.2/lib/action_dispatch/middleware/templates/rescues/_trace.html.erb
  Rendered /Users/narusekumi/.rbenv/versions/2.5.1/lib/ruby/gems/2.5.0/gems/actionpack-5.0.7.2/lib/action_dispatch/middleware/templates/rescues/_trace.html.erb (5.3ms)
  Rendering /Users/narusekumi/.rbenv/versions/2.5.1/lib/ruby/gems/2.5.0/gems/actionpack-5.0.7.2/lib/action_dispatch/middleware/templates/rescues/_request_and_response.html.erb
  Rendered /Users/narusekumi/.rbenv/versions/2.5.1/lib/ruby/gems/2.5.0/gems/actionpack-5.0.7.2/lib/action_dispatch/middleware/templates/rescues/_request_and_response.html.erb (2.1ms)
  Rendered /Users/narusekumi/.rbenv/versions/2.5.1/lib/ruby/gems/2.5.0/gems/actionpack-5.0.7.2/lib/action_dispatch/middleware/templates/rescues/diagnostics.html.erb within rescues/layout (625.1ms)
Started GET "/" for ::1 at 2020-06-19 15:55:03 +0900
Processing by GroupsController#index as HTML
  [1m[36mUser Load (48.4ms)[0m  [1m[34mSELECT  `users`.* FROM `users` WHERE `users`.`id` = 1 ORDER BY `users`.`id` ASC LIMIT 1[0m
  Rendering groups/index.html.haml within layouts/application
  Rendered messages/_side_bar.html.haml (16.0ms)
  Rendered groups/index.html.haml within layouts/application (35.0ms)
  Rendered layouts/_notifications.html.haml (4.3ms)
Completed 200 OK in 604ms (Views: 211.9ms | ActiveRecord: 244.9ms)


Started GET "/" for ::1 at 2020-06-19 15:58:53 +0900
Processing by GroupsController#index as HTML
  [1m[36mUser Load (1.2ms)[0m  [1m[34mSELECT  `users`.* FROM `users` WHERE `users`.`id` = 1 ORDER BY `users`.`id` ASC LIMIT 1[0m
  Rendering groups/index.html.haml within layouts/application
  Rendered messages/_side_bar.html.haml (15.1ms)
  Rendered groups/index.html.haml within layouts/application (27.2ms)
  Rendered layouts/_notifications.html.haml (5.2ms)
Completed 200 OK in 161ms (Views: 127.6ms | ActiveRecord: 1.2ms)


Started GET "/groups/new" for ::1 at 2020-06-19 15:58:59 +0900
Processing by GroupsController#new as HTML
  [1m[36mUser Load (42.3ms)[0m  [1m[34mSELECT  `users`.* FROM `users` WHERE `users`.`id` = 1 ORDER BY `users`.`id` ASC LIMIT 1[0m
  Rendering groups/new.html.haml within layouts/application
  [1m[36mUser Load (42.3ms)[0m  [1m[34mSELECT `users`.* FROM `users`[0m
  Rendered groups/new.html.haml within layouts/application (88.2ms)
  Rendered layouts/_notifications.html.haml (4.0ms)
Completed 200 OK in 394ms (Views: 113.9ms | ActiveRecord: 192.5ms)


Started GET "/" for ::1 at 2020-06-19 16:07:37 +0900
Processing by GroupsController#index as HTML
  [1m[36mUser Load (1.1ms)[0m  [1m[34mSELECT  `users`.* FROM `users` WHERE `users`.`id` = 1 ORDER BY `users`.`id` ASC LIMIT 1[0m
  Rendering groups/index.html.haml within layouts/application
  Rendered messages/_side_bar.html.haml (16.3ms)
  Rendered groups/index.html.haml within layouts/application (28.3ms)
  Rendered layouts/_notifications.html.haml (5.5ms)
Completed 200 OK in 2516ms (Views: 2481.7ms | ActiveRecord: 1.1ms)


Started GET "/" for ::1 at 2020-06-19 16:08:08 +0900
Processing by GroupsController#index as HTML
  [1m[36mUser Load (44.4ms)[0m  [1m[34mSELECT  `users`.* FROM `users` WHERE `users`.`id` = 1 ORDER BY `users`.`id` ASC LIMIT 1[0m
  Rendering groups/index.html.haml within layouts/application
  Rendered messages/_side_bar.html.haml (8.2ms)
  Rendered groups/index.html.haml within layouts/application (14.3ms)
  Rendered layouts/_notifications.html.haml (2.2ms)
Completed 200 OK in 123ms (Views: 72.9ms | ActiveRecord: 44.4ms)


Started GET "/groups/new" for ::1 at 2020-06-19 16:08:11 +0900
Processing by GroupsController#new as HTML
  [1m[36mUser Load (11.7ms)[0m  [1m[34mSELECT  `users`.* FROM `users` WHERE `users`.`id` = 1 ORDER BY `users`.`id` ASC LIMIT 1[0m
  Rendering groups/new.html.haml within layouts/application
  [1m[36mUser Load (0.4ms)[0m  [1m[34mSELECT `users`.* FROM `users`[0m
  Rendered groups/_form.html.haml (16.3ms)
  Rendered groups/new.html.haml within layouts/application (25.5ms)
  Rendered layouts/_notifications.html.haml (2.2ms)
Completed 200 OK in 255ms (Views: 90.2ms | ActiveRecord: 125.8ms)


Started GET "/users/1/edit" for ::1 at 2020-06-19 16:08:15 +0900
Processing by UsersController#edit as HTML
  Parameters: {"id"=>"1"}
  [1m[36mUser Load (0.4ms)[0m  [1m[34mSELECT  `users`.* FROM `users` WHERE `users`.`id` = 1 ORDER BY `users`.`id` ASC LIMIT 1[0m
  Rendering users/edit.html.haml within layouts/application
  Rendered users/edit.html.haml within layouts/application (7.6ms)
  Rendered layouts/_notifications.html.haml (2.3ms)
Completed 200 OK in 60ms (Views: 53.9ms | ActiveRecord: 0.4ms)


Started GET "/" for ::1 at 2020-06-19 16:19:50 +0900
Processing by GroupsController#index as HTML
  [1m[36mUser Load (1.5ms)[0m  [1m[34mSELECT  `users`.* FROM `users` WHERE `users`.`id` = 1 ORDER BY `users`.`id` ASC LIMIT 1[0m
  Rendering groups/index.html.haml within layouts/application
  Rendered messages/_side_bar.html.haml (16.5ms)
  Rendered groups/index.html.haml within layouts/application (40.4ms)
  Rendered layouts/_notifications.html.haml (6.0ms)
Completed 200 OK in 217ms (Views: 184.3ms | ActiveRecord: 1.5ms)


